<?xml version="1.0" encoding="UTF-8"?>
<!-- Generated by org.testng.reporters.JUnitReportReporter -->
<testsuite hostname="LAPTOP-KSRF7IKI" failures="0" tests="10" name="defaultPackage.Intro" time="0.834" errors="0" timestamp="2024-10-22T19:32:44 IST" skipped="0">
  <testcase classname="defaultPackage.Intro" name="Interest" time="0.079"/>
  <system-out/>
  <testcase classname="defaultPackage.Intro" name="Experience" time="0.160"/>
  <system-out/>
  <testcase classname="defaultPackage.Intro" name="EducationDetails" time="0.156"/>
  <system-out/>
  <testcase classname="defaultPackage.Intro" name="ContactDetails" time="0.133"/>
  <system-out/>
  <testcase classname="defaultPackage.Intro" name="Languages" time="0.074"/>
  <system-out/>
  <testcase classname="defaultPackage.Intro" name="Certifications" time="0.090"/>
  <system-out/>
  <testcase classname="defaultPackage.Intro" name="ProfessionalSkills" time="0.073"/>
  <system-out/>
  <testcase classname="defaultPackage.Intro" name="ProfileDetails" time="0.021"/>
  <system-out/>
  <testcase classname="defaultPackage.Intro" name="Profile" time="0.016"/>
  <system-out/>
  <testcase classname="defaultPackage.Intro" name="WordOccurences" time="0.032"/>
  <system-out/>
</testsuite> <!-- defaultPackage.Intro -->
