<?xml version="1.0" encoding="UTF-8"?>
<!-- Generated by org.testng.reporters.JUnitReportReporter -->
<testsuite hostname="LAPTOP-KSRF7IKI" failures="0" tests="1" name="defaultPackage.test" time="0.010" errors="0" timestamp="2024-10-22T03:23:24 IST" skipped="0">
  <testcase classname="defaultPackage.test" name="Demo" time="0.010"/>
  <system-out/>
</testsuite> <!-- defaultPackage.test -->
